<?xml version="1.0" encoding="UTF-8"?>
<testsuite name="TestPaquesGregorienne" tests="14" skipped="0" failures="0" errors="0" timestamp="2022-10-20T09:54:16" hostname="U-INF-J-E113-04" time="0.015">
  <properties/>
  <testcase name="testPaquesGregorienne125()" classname="TestPaquesGregorienne" time="0.003"/>
  <testcase name="testPaquesGregorienne1583_v0()" classname="TestPaquesGregorienne" time="0.001"/>
  <testcase name="testPaquesJulienne325()" classname="TestPaquesGregorienne" time="0.001"/>
  <testcase name="testPaquesJulienne326()" classname="TestPaquesGregorienne" time="0.001"/>
  <testcase name="testPaquesJulienne327()" classname="TestPaquesGregorienne" time="0.002"/>
  <testcase name="testPaquesGregorienne1492()" classname="TestPaquesGregorienne" time="0.001"/>
  <testcase name="testPaquesGregorienne1582()" classname="TestPaquesGregorienne" time="0.001"/>
  <testcase name="testPaquesGregorienne1583()" classname="TestPaquesGregorienne" time="0.001"/>
  <testcase name="testPaquesGregorienne2006()" classname="TestPaquesGregorienne" time="0.0"/>
  <testcase name="testPaquesGregorienne2015()" classname="TestPaquesGregorienne" time="0.0"/>
  <testcase name="testPaquesGregorienne2018()" classname="TestPaquesGregorienne" time="0.001"/>
  <testcase name="testPaquesGregorienne2019()" classname="TestPaquesGregorienne" time="0.0"/>
  <testcase name="testPaquesGregorienne2022()" classname="TestPaquesGregorienne" time="0.0"/>
  <testcase name="testPaquesGregorienne2040()" classname="TestPaquesGregorienne" time="0.0"/>
  <system-out><![CDATA[]]></system-out>
  <system-err><![CDATA[]]></system-err>
</testsuite>
