<?xml version="1.0" encoding="UTF-8"?>
<testsuite name="TestHistorique" tests="2" skipped="0" failures="0" errors="0" timestamp="2022-10-20T09:54:16" hostname="U-INF-J-E113-04" time="0.011">
  <properties/>
  <testcase name="testHisto()" classname="TestHistorique" time="0.01"/>
  <testcase name="testHisto2()" classname="TestHistorique" time="0.001"/>
  <system-out><![CDATA[]]></system-out>
  <system-err><![CDATA[]]></system-err>
</testsuite>
