<?xml version="1.0" encoding="UTF-8"?>
<testsuite name="TestHistoriqueTrie" tests="4" skipped="0" failures="0" errors="0" timestamp="2022-10-20T09:54:16" hostname="U-INF-J-E113-04" time="0.008">
  <properties/>
  <testcase name="testHisto()" classname="TestHistoriqueTrie" time="0.003"/>
  <testcase name="testHistoAutrement()" classname="TestHistoriqueTrie" time="0.001"/>
  <testcase name="testHisto_sansEffetDeBord()" classname="TestHistoriqueTrie" time="0.001"/>
  <testcase name="testHisto2()" classname="TestHistoriqueTrie" time="0.002"/>
  <system-out><![CDATA[[27-3-2016, 31-3-2002, 1-4-2018, 1-4-2018, 10-4-1583, 16-4-2017, 17-4-2022, 21-4-2019]
[22-4-1492, 22-4-1492, 15-4-1582, 31-3-1583, 22-4-2002, 18-4-2016, 3-4-2017, 26-3-2018, 26-3-2018, 15-4-2019, 11-4-2022]
[27-3-2016, 31-3-2002, 1-4-2018, 1-4-2018, 10-4-1583, 16-4-2017, 17-4-2022, 21-4-2019]
[26-3-2018, 26-3-2018, 31-3-1583, 3-4-2017, 11-4-2022, 15-4-1582, 15-4-2019, 18-4-2016, 22-4-1492, 22-4-1492, 22-4-2002]
]]></system-out>
  <system-err><![CDATA[]]></system-err>
</testsuite>
