<?xml version="1.0" encoding="UTF-8"?>
<testsuite name="TestDateValide" tests="2" skipped="0" failures="0" errors="0" timestamp="2022-10-20T09:54:16" hostname="U-INF-J-E113-04" time="0.033">
  <properties/>
  <testcase name="test()" classname="TestDateValide" time="0.032"/>
  <testcase name="test2()" classname="TestDateValide" time="0.001"/>
  <system-out><![CDATA[]]></system-out>
  <system-err><![CDATA[]]></system-err>
</testsuite>
