<component name="libraryTable">
  <library name="junit-jupiter-5.9.1">
    <CLASSES />
    <JAVADOC />
    <SOURCES />
  </library>
</component>